2019-09-15 16:46:17,473 [main] INFO nopCommerce - **************First Scenario*********************
2019-09-15 16:46:29,791 [main] INFO nopCommerce - **************Launching Browser***************
2019-09-15 16:46:29,886 [main] INFO nopCommerce - **************deleting all cookies***************
2019-09-15 16:46:31,108 [main] INFO nopCommerce - **************Maximizing the browser window***************
2019-09-15 16:46:31,119 [main] INFO nopCommerce - **************Open the URL***************
2019-09-15 16:46:34,756 [main] INFO nopCommerce - **************First Scenario*********************
2019-09-15 16:46:39,768 [main] INFO nopCommerce - **************Launching Browser***************
2019-09-15 16:46:40,423 [main] INFO nopCommerce - **************deleting all cookies***************
2019-09-15 16:46:41,614 [main] INFO nopCommerce - **************Maximizing the browser window***************
2019-09-15 16:46:41,621 [main] INFO nopCommerce - **************Open the URL***************
2019-09-15 16:46:45,537 [main] INFO nopCommerce - **************Enetred the UserName to text field***************
2019-09-15 16:46:45,912 [main] INFO nopCommerce - **************Entered the Password to text field***************
2019-09-15 16:47:01,369 [main] INFO nopCommerce - **************Clicked on Login Button***************
2019-09-15 16:47:04,374 [main] INFO nopCommerce - **************Starting Second Scenario***************
2019-09-15 16:47:04,379 [main] INFO nopCommerce - **************Verfication is starting***************
2019-09-15 16:47:04,538 [main] INFO nopCommerce - **************First Scenario*********************
2019-09-15 16:47:10,918 [main] INFO nopCommerce - **************Launching Browser***************
2019-09-15 16:47:10,977 [main] INFO nopCommerce - **************deleting all cookies***************
2019-09-15 16:47:12,128 [main] INFO nopCommerce - **************Maximizing the browser window***************
2019-09-15 16:47:12,132 [main] INFO nopCommerce - **************Open the URL***************
2019-09-15 16:47:15,752 [main] INFO nopCommerce - **************Enetred the UserName to text field***************
2019-09-15 16:47:15,985 [main] INFO nopCommerce - **************Entered the Password to text field***************
2019-09-15 16:47:25,552 [main] INFO nopCommerce - **************Clicked on Login Button***************
2019-09-15 16:47:28,555 [main] INFO nopCommerce - **************Starting Second Scenario***************
2019-09-15 16:47:28,557 [main] INFO nopCommerce - **************Verfication is starting***************
2019-09-15 16:47:29,458 [main] INFO nopCommerce - **************First Scenario*********************
2019-09-15 16:47:37,484 [main] INFO nopCommerce - **************Launching Browser***************
2019-09-15 16:47:37,507 [main] INFO nopCommerce - **************deleting all cookies***************
2019-09-15 16:47:38,698 [main] INFO nopCommerce - **************Maximizing the browser window***************
2019-09-15 16:47:38,701 [main] INFO nopCommerce - **************Open the URL***************
2019-09-15 16:47:42,533 [main] INFO nopCommerce - **************Enetred the UserName to text field***************
2019-09-15 16:47:42,804 [main] INFO nopCommerce - **************Entered the Password to text field***************
2019-09-15 16:47:58,222 [main] INFO nopCommerce - **************Clicked on Login Button***************
2019-09-15 16:48:01,226 [main] INFO nopCommerce - **************Verfying Login is Sucessfull are not***************
2019-09-15 16:48:01,471 [main] INFO nopCommerce - **************First Scenario*********************
2019-09-15 16:48:08,301 [main] INFO nopCommerce - **************Launching Browser***************
2019-09-15 16:48:08,325 [main] INFO nopCommerce - **************deleting all cookies***************
2019-09-15 16:50:37,922 [main] INFO nopCommerce - **************First Scenario*********************
2019-09-15 16:50:46,512 [main] INFO nopCommerce - **************Launching Browser***************
2019-09-15 16:50:46,545 [main] INFO nopCommerce - **************deleting all cookies***************
2019-09-15 16:50:47,695 [main] INFO nopCommerce - **************Maximizing the browser window***************
2019-09-15 16:50:47,719 [main] INFO nopCommerce - **************Open the URL***************
2019-09-15 16:50:51,127 [main] INFO nopCommerce - **************Entering the login details***************
2019-09-15 16:50:51,319 [main] INFO nopCommerce - **************First Scenario*********************
2019-09-15 16:50:54,929 [main] INFO nopCommerce - **************Launching Browser***************
2019-09-15 16:50:54,953 [main] INFO nopCommerce - **************deleting all cookies***************
2019-09-15 16:50:56,111 [main] INFO nopCommerce - **************Maximizing the browser window***************
2019-09-15 16:50:56,114 [main] INFO nopCommerce - **************Open the URL***************
2019-09-15 16:50:59,150 [main] INFO nopCommerce - **************Entering the login details***************
2019-09-15 16:51:13,128 [main] INFO nopCommerce - **************Clicked on Login Button***************
2019-09-15 16:51:16,138 [main] INFO nopCommerce - **************Starting Second Scenario***************
2019-09-15 16:51:16,146 [main] INFO nopCommerce - **************Verfication is starting***************
2019-09-15 16:51:16,328 [main] INFO nopCommerce - **************First Scenario*********************
2019-09-15 16:51:19,378 [main] INFO nopCommerce - **************Launching Browser***************
2019-09-15 16:51:19,866 [main] INFO nopCommerce - **************deleting all cookies***************
2019-09-15 16:51:29,926 [main] INFO nopCommerce - **************Maximizing the browser window***************
2019-09-15 16:51:29,938 [main] INFO nopCommerce - **************Open the URL***************
2019-09-15 16:51:36,338 [main] INFO nopCommerce - **************First Scenario*********************
2019-09-15 16:51:39,956 [main] INFO nopCommerce - **************First Scenario*********************
2019-09-15 17:58:21,858 [main] INFO nopCommerce - **************First Scenario*********************
2019-09-15 17:58:30,337 [main] INFO nopCommerce - **************Launching Browser***************
2019-09-15 17:58:30,380 [main] INFO nopCommerce - **************deleting all cookies***************
2019-09-15 17:58:31,571 [main] INFO nopCommerce - **************Maximizing the browser window***************
2019-09-15 17:58:31,588 [main] INFO nopCommerce - **************Open the URL***************
2019-09-15 17:58:35,114 [main] INFO nopCommerce - **************Enetred the UserName to text field***************
2019-09-15 17:58:35,363 [main] INFO nopCommerce - **************Entered the Password to text field***************
2019-09-15 17:58:51,267 [main] INFO nopCommerce - **************Clicked on Login Button***************
2019-09-15 17:58:54,272 [main] INFO nopCommerce - **************Starting Second Scenario***************
2019-09-15 17:58:54,274 [main] INFO nopCommerce - **************Verfying is ***************
2019-09-15 17:58:54,304 [main] INFO nopCommerce - **************After Login Dashoard page is opened ***************
2019-09-15 17:58:57,538 [main] INFO nopCommerce - **************Clicked on Customers Menu***************
2019-09-15 17:59:06,615 [main] INFO nopCommerce - **************Clicked on Customer Menu Item***************
2019-09-15 17:59:16,676 [main] INFO nopCommerce - **************Clicked on Add New Customer link Button***************
2019-09-15 17:59:16,778 [main] INFO nopCommerce - **************Adding New Customer***************
2019-09-15 17:59:16,779 [main] INFO nopCommerce - **************Providing Customer Details***************
2019-09-15 17:59:33,789 [main] INFO nopCommerce - **************Clicked on Save Button***************
2019-09-15 17:59:35,002 [main] INFO nopCommerce - **************Customer is saved***************
2019-09-15 17:59:35,005 [main] INFO nopCommerce - **************After completction of all functionalies closing the Browser***************
2019-09-15 17:59:35,615 [main] INFO nopCommerce - **************First Scenario*********************
2019-09-15 17:59:38,473 [main] INFO nopCommerce - **************Launching Browser***************
2019-09-15 17:59:38,544 [main] INFO nopCommerce - **************deleting all cookies***************
2019-09-15 17:59:39,709 [main] INFO nopCommerce - **************Maximizing the browser window***************
2019-09-15 17:59:39,717 [main] INFO nopCommerce - **************Open the URL***************
2019-09-15 17:59:43,110 [main] INFO nopCommerce - **************Enetred the UserName to text field***************
2019-09-15 17:59:43,347 [main] INFO nopCommerce - **************Entered the Password to text field***************
2019-09-15 17:59:52,042 [main] INFO nopCommerce - **************Clicked on Login Button***************
2019-09-15 17:59:55,044 [main] INFO nopCommerce - **************Starting Second Scenario***************
2019-09-15 17:59:55,045 [main] INFO nopCommerce - **************Verfying is ***************
2019-09-15 17:59:55,062 [main] INFO nopCommerce - **************After Login Dashoard page is opened ***************
2019-09-15 17:59:58,308 [main] INFO nopCommerce - **************Clicked on Customers Menu***************
2019-09-15 18:00:04,299 [main] INFO nopCommerce - **************Clicked on Customer Menu Item***************
2019-09-15 18:00:04,303 [main] INFO nopCommerce - **************Third Scenario is Starting***************
2019-09-15 18:00:04,304 [main] INFO nopCommerce - **************Searching the customer By Email id***************
2019-09-15 18:00:06,225 [main] INFO nopCommerce - **************Clicked on search button***************
2019-09-15 18:00:09,234 [main] INFO nopCommerce - **************Checking the Email id which we provied is present in the Table are not ***************
2019-09-15 18:00:09,452 [main] INFO nopCommerce - **************After completction of all functionalies closing the Browser***************
2019-09-15 18:00:09,782 [main] INFO nopCommerce - **************First Scenario*********************
2019-09-15 18:00:12,446 [main] INFO nopCommerce - **************Launching Browser***************
2019-09-15 18:00:12,465 [main] INFO nopCommerce - **************deleting all cookies***************
2019-09-15 18:00:13,616 [main] INFO nopCommerce - **************Maximizing the browser window***************
2019-09-15 18:00:13,629 [main] INFO nopCommerce - **************Open the URL***************
2019-09-15 18:00:15,938 [main] INFO nopCommerce - **************Enetred the UserName to text field***************
2019-09-15 18:00:16,166 [main] INFO nopCommerce - **************Entered the Password to text field***************
2019-09-15 18:00:26,808 [main] INFO nopCommerce - **************Clicked on Login Button***************
2019-09-15 18:00:29,817 [main] INFO nopCommerce - **************Starting Second Scenario***************
2019-09-15 18:00:29,820 [main] INFO nopCommerce - **************Verfying is ***************
2019-09-15 18:00:29,866 [main] INFO nopCommerce - **************After Login Dashoard page is opened ***************
2019-09-15 18:00:33,136 [main] INFO nopCommerce - **************Clicked on Customers Menu***************
2019-09-15 18:00:41,551 [main] INFO nopCommerce - **************Clicked on Customer Menu Item***************
2019-09-15 18:00:41,554 [main] INFO nopCommerce - **************Fourth Scenario is Starting***************
2019-09-15 18:00:41,555 [main] INFO nopCommerce - **************Searching the Customer By providing Name***************
2019-09-15 18:00:42,996 [main] INFO nopCommerce - **************Clicked on search button***************
2019-09-15 18:00:46,005 [main] INFO nopCommerce - **************Checking the Name which we provied is present in the Table are not ***************
2019-09-15 18:00:46,215 [main] INFO nopCommerce - **************After completction of all functionalies closing the Browser***************
2019-09-15 18:00:46,473 [main] INFO nopCommerce - **************First Scenario*********************
2019-09-15 18:00:52,984 [main] INFO nopCommerce - **************Launching Browser***************
2019-09-15 18:00:53,006 [main] INFO nopCommerce - **************deleting all cookies***************
2019-09-15 18:00:54,178 [main] INFO nopCommerce - **************Maximizing the browser window***************
2019-09-15 18:00:54,181 [main] INFO nopCommerce - **************Open the URL***************
2019-09-15 18:00:57,136 [main] INFO nopCommerce - **************Enetred the UserName to text field***************
2019-09-15 18:00:57,359 [main] INFO nopCommerce - **************Entered the Password to text field***************
2019-09-15 18:01:06,811 [main] INFO nopCommerce - **************Clicked on Login Button***************
2019-09-15 18:01:09,821 [main] INFO nopCommerce - **************Verfying Login is Sucessfull are not***************
2019-09-15 18:01:12,810 [main] INFO nopCommerce - **************Clicked on Logout Button***************
2019-09-15 18:01:15,820 [main] INFO nopCommerce - **************Verfying Login is Sucessfull are not***************
2019-09-15 18:01:15,890 [main] INFO nopCommerce - **************After completction of all functionalies closing the Browser***************
2019-09-15 18:01:16,321 [main] INFO nopCommerce - **************First Scenario*********************
2019-09-15 18:01:19,108 [main] INFO nopCommerce - **************Launching Browser***************
2019-09-15 18:01:19,134 [main] INFO nopCommerce - **************deleting all cookies***************
2019-09-15 18:01:20,281 [main] INFO nopCommerce - **************Maximizing the browser window***************
2019-09-15 18:01:20,285 [main] INFO nopCommerce - **************Open the URL***************
2019-09-15 18:01:23,616 [main] INFO nopCommerce - **************Enetred the UserName to text field***************
2019-09-15 18:01:23,857 [main] INFO nopCommerce - **************Entered the Password to text field***************
2019-09-15 18:01:29,856 [main] INFO nopCommerce - **************Clicked on Login Button***************
2019-09-15 18:01:32,866 [main] INFO nopCommerce - **************Verfying Login is Sucessfull are not***************
2019-09-15 18:01:36,023 [main] INFO nopCommerce - **************Clicked on Logout Button***************
2019-09-15 18:01:39,033 [main] INFO nopCommerce - **************Verfying Login is Sucessfull are not***************
2019-09-15 18:01:39,100 [main] INFO nopCommerce - **************After completction of all functionalies closing the Browser***************
2019-09-15 18:01:39,577 [main] INFO nopCommerce - **************First Scenario*********************
2019-09-15 18:01:42,653 [main] INFO nopCommerce - **************Launching Browser***************
2019-09-15 18:01:42,678 [main] INFO nopCommerce - **************deleting all cookies***************
2019-09-15 18:01:43,863 [main] INFO nopCommerce - **************Maximizing the browser window***************
2019-09-15 18:01:43,868 [main] INFO nopCommerce - **************Open the URL***************
2019-09-15 18:01:47,534 [main] INFO nopCommerce - **************Enetred the UserName to text field***************
2019-09-15 18:01:47,741 [main] INFO nopCommerce - **************Entered the Password to text field***************
2019-09-15 18:01:54,188 [main] INFO nopCommerce - **************Clicked on Login Button***************
2019-09-15 18:01:57,192 [main] INFO nopCommerce - **************Verfying Login is Sucessfull are not***************
2019-09-15 18:02:00,065 [main] INFO nopCommerce - **************Clicked on Logout Button***************
2019-09-15 18:02:03,077 [main] INFO nopCommerce - **************Verfying Login is Sucessfull are not***************
2019-09-15 18:02:03,127 [main] INFO nopCommerce - **************After completction of all functionalies closing the Browser***************
2019-09-15 19:03:36,790 [main] INFO nopCommerce - **************Launching Browser***************
2019-09-15 19:03:37,010 [main] INFO nopCommerce - **************deleting all cookies***************
2019-09-15 19:03:37,134 [main] INFO nopCommerce - **************Maximizing the browser window***************
2019-09-15 19:03:37,667 [main] INFO nopCommerce - **************Open the URL***************
2019-09-15 19:03:42,831 [main] INFO nopCommerce - **************Entered the UserName to text field***************
2019-09-15 19:03:43,231 [main] INFO nopCommerce - **************Entered the Password to text field***************
2019-09-15 19:04:00,455 [main] INFO nopCommerce - **************Clicked on Login Button***************
2019-09-15 19:04:03,462 [main] INFO nopCommerce - **************Verfying is ***************
2019-09-15 19:04:03,503 [main] INFO nopCommerce - **************After Login Dashoard page is opened ***************
2019-09-15 19:04:07,302 [main] INFO nopCommerce - **************Clicked on Customers Menu***************
2019-09-15 19:04:15,619 [main] INFO nopCommerce - **************Clicked on Customer Menu Item***************
2019-09-15 19:04:21,912 [main] INFO nopCommerce - **************Clicked on Add New Customer link Button***************
2019-09-15 19:04:21,946 [main] INFO nopCommerce - **************Adding New Customer***************
2019-09-15 19:04:21,947 [main] INFO nopCommerce - **************Providing Customer Details***************
2019-09-15 19:04:37,588 [main] INFO nopCommerce - **************Launching Browser***************
2019-09-15 19:04:37,803 [main] INFO nopCommerce - **************deleting all cookies***************
2019-09-15 19:04:37,822 [main] INFO nopCommerce - **************Maximizing the browser window***************
2019-09-15 19:04:37,827 [main] INFO nopCommerce - **************Open the URL***************
2019-09-15 19:04:42,616 [main] INFO nopCommerce - **************Entered the UserName to text field***************
2019-09-15 19:04:42,734 [main] INFO nopCommerce - **************Entered the Password to text field***************
2019-09-15 19:04:48,178 [main] INFO nopCommerce - **************Clicked on Login Button***************
2019-09-15 19:04:51,183 [main] INFO nopCommerce - **************Verfying is ***************
2019-09-15 19:04:51,196 [main] INFO nopCommerce - **************After Login Dashoard page is opened ***************
2019-09-15 19:04:55,672 [main] INFO nopCommerce - **************Clicked on Customers Menu***************
2019-09-15 19:05:11,993 [main] INFO nopCommerce - **************Launching Browser***************
2019-09-15 19:05:12,012 [main] INFO nopCommerce - **************deleting all cookies***************
2019-09-15 19:05:12,032 [main] INFO nopCommerce - **************Maximizing the browser window***************
2019-09-15 19:05:12,039 [main] INFO nopCommerce - **************Open the URL***************
2019-09-15 19:05:14,671 [main] INFO nopCommerce - **************Entered the UserName to text field***************
2019-09-15 19:05:14,908 [main] INFO nopCommerce - **************Entered the Password to text field***************
2019-09-15 19:05:28,258 [main] INFO nopCommerce - **************Clicked on Login Button***************
2019-09-15 19:05:31,262 [main] INFO nopCommerce - **************Verfying is ***************
2019-09-15 19:05:31,272 [main] INFO nopCommerce - **************After Login Dashoard page is opened ***************
2019-09-15 19:05:34,721 [main] INFO nopCommerce - **************Clicked on Customers Menu***************
2019-09-15 19:05:38,667 [main] INFO nopCommerce - **************Clicked on Customer Menu Item***************
2019-09-15 19:05:38,671 [main] INFO nopCommerce - **************Searching the Customer By providing Name***************
2019-09-15 19:06:29,582 [main] INFO nopCommerce - **************Launching Browser***************
2019-09-15 19:06:29,638 [main] INFO nopCommerce - **************deleting all cookies***************
2019-09-15 19:06:30,826 [main] INFO nopCommerce - **************Maximizing the browser window***************
2019-09-15 19:06:30,962 [main] INFO nopCommerce - **************Open the URL***************
2019-09-15 19:06:36,476 [main] INFO nopCommerce - **************Entered the UserName to text field***************
2019-09-15 19:06:36,771 [main] INFO nopCommerce - **************Entered the Password to text field***************
2019-09-15 19:06:52,023 [main] INFO nopCommerce - **************Clicked on Login Button***************
2019-09-15 19:06:55,030 [main] INFO nopCommerce - **************Verfying is ***************
2019-09-15 19:06:55,050 [main] INFO nopCommerce - **************After Login Dashoard page is opened ***************
2019-09-15 19:06:58,288 [main] INFO nopCommerce - **************Clicked on Customers Menu***************
2019-09-15 19:07:05,330 [main] INFO nopCommerce - **************Clicked on Customer Menu Item***************
2019-09-15 19:07:10,668 [main] INFO nopCommerce - **************Clicked on Add New Customer link Button***************
2019-09-15 19:07:10,745 [main] INFO nopCommerce - **************Adding New Customer***************
2019-09-15 19:07:10,746 [main] INFO nopCommerce - **************Providing Customer Details***************
2019-09-15 19:07:14,467 [main] INFO nopCommerce - **************Launching Browser***************
2019-09-15 19:07:14,490 [main] INFO nopCommerce - **************deleting all cookies***************
2019-09-15 19:07:15,678 [main] INFO nopCommerce - **************Maximizing the browser window***************
2019-09-15 19:07:15,740 [main] INFO nopCommerce - **************Open the URL***************
2019-09-15 19:11:04,182 [main] INFO nopCommerce - **************Launching Browser***************
2019-09-15 19:11:04,316 [main] INFO nopCommerce - **************deleting all cookies***************
2019-09-15 19:11:05,473 [main] INFO nopCommerce - **************Maximizing the browser window***************
2019-09-15 19:11:05,609 [main] INFO nopCommerce - **************Open the URL***************
2019-09-15 19:11:09,735 [main] INFO nopCommerce - **************Entered the UserName to text field***************
2019-09-15 19:11:10,024 [main] INFO nopCommerce - **************Entered the Password to text field***************
2019-09-15 19:11:23,862 [main] INFO nopCommerce - **************Clicked on Login Button***************
2019-09-15 19:11:26,882 [main] INFO nopCommerce - **************Verfying is ***************
2019-09-15 19:11:26,917 [main] INFO nopCommerce - **************After Login Dashoard page is opened ***************
2019-09-15 19:11:30,208 [main] INFO nopCommerce - **************Clicked on Customers Menu***************
2019-09-15 19:11:39,471 [main] INFO nopCommerce - **************Clicked on Customer Menu Item***************
2019-09-15 19:11:45,729 [main] INFO nopCommerce - **************Clicked on Add New Customer link Button***************
2019-09-15 19:11:45,804 [main] INFO nopCommerce - **************Adding New Customer***************
2019-09-15 19:11:45,805 [main] INFO nopCommerce - **************Providing Customer Details***************
2019-09-15 19:11:50,828 [main] INFO nopCommerce - **************Launching Browser***************
2019-09-15 19:11:50,851 [main] INFO nopCommerce - **************deleting all cookies***************
2019-09-15 19:11:52,024 [main] INFO nopCommerce - **************Maximizing the browser window***************
2019-09-15 19:11:52,030 [main] INFO nopCommerce - **************Open the URL***************
2019-09-15 19:11:56,437 [main] INFO nopCommerce - **************Launching Browser***************
2019-09-15 19:11:56,462 [main] INFO nopCommerce - **************deleting all cookies***************
2019-09-15 19:11:57,639 [main] INFO nopCommerce - **************Maximizing the browser window***************
2019-09-15 19:11:57,645 [main] INFO nopCommerce - **************Open the URL***************
2019-09-15 19:13:54,680 [main] INFO nopCommerce - **************Launching Browser***************
2019-09-15 19:13:54,722 [main] INFO nopCommerce - **************deleting all cookies***************
2019-09-15 19:13:55,900 [main] INFO nopCommerce - **************Maximizing the browser window***************
2019-09-15 19:13:56,033 [main] INFO nopCommerce - **************Open the URL***************
2019-09-15 19:13:58,805 [main] INFO nopCommerce - **************Entered the UserName to text field***************
2019-09-15 19:13:59,024 [main] INFO nopCommerce - **************Entered the Password to text field***************
2019-09-15 19:14:13,287 [main] INFO nopCommerce - **************Clicked on Login Button***************
2019-09-15 19:14:16,305 [main] INFO nopCommerce - **************Verfying is ***************
2019-09-15 19:14:16,356 [main] INFO nopCommerce - **************After Login Dashoard page is opened ***************
2019-09-15 19:14:19,645 [main] INFO nopCommerce - **************Clicked on Customers Menu***************
2019-09-15 19:14:28,876 [main] INFO nopCommerce - **************Clicked on Customer Menu Item***************
2019-09-15 19:14:35,785 [main] INFO nopCommerce - **************Clicked on Add New Customer link Button***************
2019-09-15 19:14:35,879 [main] INFO nopCommerce - **************Adding New Customer***************
2019-09-15 19:14:35,880 [main] INFO nopCommerce - **************Providing Customer Details***************
2019-09-15 19:14:57,087 [main] INFO nopCommerce - **************Clicked on Save Button***************
2019-09-15 19:14:58,245 [main] INFO nopCommerce - **************Customer is saved***************
2019-09-15 19:14:58,250 [main] INFO nopCommerce - **************After completction of all functionalies closing the Browser***************
2019-09-15 19:15:02,413 [main] INFO nopCommerce - **************Launching Browser***************
2019-09-15 19:15:02,471 [main] INFO nopCommerce - **************deleting all cookies***************
2019-09-15 19:15:03,620 [main] INFO nopCommerce - **************Maximizing the browser window***************
2019-09-15 19:15:03,625 [main] INFO nopCommerce - **************Open the URL***************
2019-09-15 19:15:07,305 [main] INFO nopCommerce - **************Entered the UserName to text field***************
2019-09-15 19:15:07,542 [main] INFO nopCommerce - **************Entered the Password to text field***************
2019-09-15 19:15:21,790 [main] INFO nopCommerce - **************Clicked on Login Button***************
2019-09-15 19:15:24,797 [main] INFO nopCommerce - **************Verfying is ***************
2019-09-15 19:15:24,841 [main] INFO nopCommerce - **************After Login Dashoard page is opened ***************
2019-09-15 19:15:28,114 [main] INFO nopCommerce - **************Clicked on Customers Menu***************
2019-09-15 19:15:39,363 [main] INFO nopCommerce - **************Clicked on Customer Menu Item***************
2019-09-15 19:15:39,368 [main] INFO nopCommerce - **************Searching the customer By Email id***************
2019-09-15 19:15:41,100 [main] INFO nopCommerce - **************Clicked on search button***************
2019-09-15 19:15:44,109 [main] INFO nopCommerce - **************Checking the Email id which we provied is present in the Table are not ***************
2019-09-15 19:15:44,291 [main] INFO nopCommerce - **************After completction of all functionalies closing the Browser***************
2019-09-15 19:15:47,649 [main] INFO nopCommerce - **************Launching Browser***************
2019-09-15 19:15:47,672 [main] INFO nopCommerce - **************deleting all cookies***************
2019-09-15 19:15:48,859 [main] INFO nopCommerce - **************Maximizing the browser window***************
2019-09-15 19:15:48,872 [main] INFO nopCommerce - **************Open the URL***************
2019-09-15 19:15:51,674 [main] INFO nopCommerce - **************Entered the UserName to text field***************
2019-09-15 19:15:51,895 [main] INFO nopCommerce - **************Entered the Password to text field***************
2019-09-15 19:16:03,403 [main] INFO nopCommerce - **************Clicked on Login Button***************
2019-09-15 19:16:06,407 [main] INFO nopCommerce - **************Verfying is ***************
2019-09-15 19:16:06,424 [main] INFO nopCommerce - **************After Login Dashoard page is opened ***************
2019-09-15 19:16:09,665 [main] INFO nopCommerce - **************Clicked on Customers Menu***************
2019-09-15 19:16:18,660 [main] INFO nopCommerce - **************Clicked on Customer Menu Item***************
2019-09-15 19:16:18,664 [main] INFO nopCommerce - **************Searching the Customer By providing Name***************
2019-09-15 19:16:20,137 [main] INFO nopCommerce - **************Clicked on search button***************
2019-09-15 19:16:23,147 [main] INFO nopCommerce - **************Checking the Name which we provied is present in the Table are not ***************
2019-09-15 19:16:23,350 [main] INFO nopCommerce - **************After completction of all functionalies closing the Browser***************
2019-09-15 19:42:17,542 [main] INFO nopCommerce - **************Launching Browser***************
2019-09-15 19:42:18,479 [main] INFO nopCommerce - **************deleting all cookies***************
2019-09-15 19:42:19,843 [main] INFO nopCommerce - **************Maximizing the browser window***************
2019-09-15 19:42:20,214 [main] INFO nopCommerce - **************Open the URL***************
2019-09-15 19:42:26,114 [main] INFO nopCommerce - **************Entered the UserName to text field***************
2019-09-15 19:42:26,861 [main] INFO nopCommerce - **************Entered the Password to text field***************
2019-09-15 19:42:40,583 [main] INFO nopCommerce - **************Clicked on Login Button***************
2019-09-15 19:42:43,602 [main] INFO nopCommerce - **************Verfying is ***************
2019-09-15 19:42:43,702 [main] INFO nopCommerce - **************After Login Dashoard page is opened ***************
2019-09-15 19:42:47,225 [main] INFO nopCommerce - **************Clicked on Customers Menu***************
2019-09-15 19:42:57,914 [main] INFO nopCommerce - **************Clicked on Customer Menu Item***************
2019-09-15 19:43:05,500 [main] INFO nopCommerce - **************Clicked on Add New Customer link Button***************
2019-09-15 19:43:05,520 [main] INFO nopCommerce - **************Adding New Customer***************
2019-09-15 19:43:05,521 [main] INFO nopCommerce - **************Providing Customer Details***************
2019-09-15 19:43:19,929 [main] INFO nopCommerce - **************Launching Browser***************
2019-09-15 19:43:22,054 [main] INFO nopCommerce - **************deleting all cookies***************
2019-09-15 19:47:33,145 [main] INFO nopCommerce - **************Launching Browser***************
2019-09-15 19:47:33,227 [main] INFO nopCommerce - **************deleting all cookies***************
2019-09-15 19:47:34,413 [main] INFO nopCommerce - **************Maximizing the browser window***************
2019-09-15 19:47:34,679 [main] INFO nopCommerce - **************Open the URL***************
2019-09-15 19:47:42,886 [main] INFO nopCommerce - **************Entered the UserName to text field***************
2019-09-15 19:47:43,115 [main] INFO nopCommerce - **************Entered the Password to text field***************
2019-09-15 19:47:56,507 [main] INFO nopCommerce - **************Clicked on Login Button***************
2019-09-15 19:47:59,518 [main] INFO nopCommerce - **************Verfying is ***************
2019-09-15 19:47:59,565 [main] INFO nopCommerce - **************After Login Dashoard page is opened ***************
2019-09-15 19:48:02,790 [main] INFO nopCommerce - **************Clicked on Customers Menu***************
2019-09-15 19:48:12,823 [main] INFO nopCommerce - **************Clicked on Customer Menu Item***************
2019-09-15 19:48:18,368 [main] INFO nopCommerce - **************Clicked on Add New Customer link Button***************
2019-09-15 19:48:18,433 [main] INFO nopCommerce - **************Adding New Customer***************
2019-09-15 19:48:18,434 [main] INFO nopCommerce - **************Providing Customer Details***************
2019-09-15 19:48:40,861 [main] INFO nopCommerce - **************Clicked on Save Button***************
2019-09-15 19:48:42,005 [main] INFO nopCommerce - **************Customer is saved***************
2019-09-15 19:48:42,011 [main] INFO nopCommerce - **************After completction of all functionalies closing the Browser***************
2019-09-15 19:48:46,626 [main] INFO nopCommerce - **************Launching Browser***************
2019-09-15 19:48:46,649 [main] INFO nopCommerce - **************deleting all cookies***************
2019-09-15 19:48:47,830 [main] INFO nopCommerce - **************Maximizing the browser window***************
2019-09-15 19:48:47,835 [main] INFO nopCommerce - **************Open the URL***************
2019-09-15 19:48:52,255 [main] INFO nopCommerce - **************Entered the UserName to text field***************
2019-09-15 19:48:52,514 [main] INFO nopCommerce - **************Entered the Password to text field***************
2019-09-15 19:49:04,867 [main] INFO nopCommerce - **************Clicked on Login Button***************
2019-09-15 19:49:07,876 [main] INFO nopCommerce - **************Verfying is ***************
2019-09-15 19:49:07,926 [main] INFO nopCommerce - **************After Login Dashoard page is opened ***************
2019-09-15 19:49:11,202 [main] INFO nopCommerce - **************Clicked on Customers Menu***************
2019-09-15 19:49:21,611 [main] INFO nopCommerce - **************Clicked on Customer Menu Item***************
2019-09-15 19:49:21,615 [main] INFO nopCommerce - **************Searching the customer By Email id***************
2019-09-15 19:49:23,087 [main] INFO nopCommerce - **************Clicked on search button***************
2019-09-15 19:49:26,096 [main] INFO nopCommerce - **************Checking the Email id which we provied is present in the Table are not ***************
2019-09-15 19:49:26,298 [main] INFO nopCommerce - **************After completction of all functionalies closing the Browser***************
2019-09-15 19:49:30,329 [main] INFO nopCommerce - **************Launching Browser***************
2019-09-15 19:49:30,357 [main] INFO nopCommerce - **************deleting all cookies***************
2019-09-15 19:49:31,542 [main] INFO nopCommerce - **************Maximizing the browser window***************
2019-09-15 19:49:31,553 [main] INFO nopCommerce - **************Open the URL***************
2019-09-15 19:49:34,716 [main] INFO nopCommerce - **************Entered the UserName to text field***************
2019-09-15 19:49:34,940 [main] INFO nopCommerce - **************Entered the Password to text field***************
2019-09-15 19:49:46,707 [main] INFO nopCommerce - **************Clicked on Login Button***************
2019-09-15 19:49:49,716 [main] INFO nopCommerce - **************Verfying is ***************
2019-09-15 19:49:49,758 [main] INFO nopCommerce - **************After Login Dashoard page is opened ***************
2019-09-15 19:49:53,032 [main] INFO nopCommerce - **************Clicked on Customers Menu***************
2019-09-15 19:50:01,958 [main] INFO nopCommerce - **************Clicked on Customer Menu Item***************
2019-09-15 19:50:01,962 [main] INFO nopCommerce - **************Searching the Customer By providing Name***************
2019-09-15 19:50:03,546 [main] INFO nopCommerce - **************Clicked on search button***************
2019-09-15 19:50:06,555 [main] INFO nopCommerce - **************Checking the Name which we provied is present in the Table are not ***************
2019-09-15 19:50:06,786 [main] INFO nopCommerce - **************After completction of all functionalies closing the Browser***************
2019-09-15 19:51:49,639 [main] INFO nopCommerce - **************Launching Browser***************
2019-09-15 19:51:49,712 [main] INFO nopCommerce - **************deleting all cookies***************
2019-09-15 19:51:50,867 [main] INFO nopCommerce - **************Maximizing the browser window***************
2019-09-15 19:51:51,054 [main] INFO nopCommerce - **************Open the URL***************
2019-09-15 19:51:53,427 [main] INFO nopCommerce - **************Entered the UserName to text field***************
2019-09-15 19:51:53,660 [main] INFO nopCommerce - **************Entered the Password to text field***************
2019-09-15 19:52:06,220 [main] INFO nopCommerce - **************Clicked on Login Button***************
2019-09-15 19:52:09,238 [main] INFO nopCommerce - **************Verfying is ***************
2019-09-15 19:52:09,281 [main] INFO nopCommerce - **************After Login Dashoard page is opened ***************
2019-09-15 19:52:12,566 [main] INFO nopCommerce - **************Clicked on Customers Menu***************
2019-09-15 19:52:22,695 [main] INFO nopCommerce - **************Clicked on Customer Menu Item***************
2019-09-15 19:52:29,767 [main] INFO nopCommerce - **************Clicked on Add New Customer link Button***************
2019-09-15 19:52:29,795 [main] INFO nopCommerce - **************Adding New Customer***************
2019-09-15 19:52:29,796 [main] INFO nopCommerce - **************Providing Customer Details***************
2019-09-15 19:52:49,410 [main] INFO nopCommerce - **************Clicked on Save Button***************
2019-09-15 19:52:50,594 [main] INFO nopCommerce - **************Customer is saved***************
2019-09-15 19:52:50,599 [main] INFO nopCommerce - **************After completction of all functionalies closing the Browser***************
2019-09-15 19:52:53,843 [main] INFO nopCommerce - **************Launching Browser***************
2019-09-15 19:52:53,861 [main] INFO nopCommerce - **************deleting all cookies***************
2019-09-15 19:52:55,046 [main] INFO nopCommerce - **************Maximizing the browser window***************
2019-09-15 19:52:55,058 [main] INFO nopCommerce - **************Open the URL***************
2019-09-15 19:52:59,129 [main] INFO nopCommerce - **************Entered the UserName to text field***************
2019-09-15 19:52:59,372 [main] INFO nopCommerce - **************Entered the Password to text field***************
2019-09-15 19:53:09,369 [main] INFO nopCommerce - **************Clicked on Login Button***************
2019-09-15 19:53:12,380 [main] INFO nopCommerce - **************Verfying is ***************
2019-09-15 19:53:12,418 [main] INFO nopCommerce - **************After Login Dashoard page is opened ***************
2019-09-15 19:53:15,665 [main] INFO nopCommerce - **************Clicked on Customers Menu***************
2019-09-15 19:53:24,090 [main] INFO nopCommerce - **************Clicked on Customer Menu Item***************
2019-09-15 19:53:24,094 [main] INFO nopCommerce - **************Searching the customer By Email id***************
2019-09-15 19:53:25,397 [main] INFO nopCommerce - **************Clicked on search button***************
2019-09-15 19:53:28,406 [main] INFO nopCommerce - **************Checking the Email id which we provied is present in the Table are not ***************
2019-09-15 19:53:28,605 [main] INFO nopCommerce - **************After completction of all functionalies closing the Browser***************
2019-09-15 19:53:31,715 [main] INFO nopCommerce - **************Launching Browser***************
2019-09-15 19:53:31,745 [main] INFO nopCommerce - **************deleting all cookies***************
2019-09-15 19:53:32,937 [main] INFO nopCommerce - **************Maximizing the browser window***************
2019-09-15 19:53:32,947 [main] INFO nopCommerce - **************Open the URL***************
2019-09-15 19:53:36,724 [main] INFO nopCommerce - **************Entered the UserName to text field***************
2019-09-15 19:53:36,954 [main] INFO nopCommerce - **************Entered the Password to text field***************
2019-09-15 19:53:49,109 [main] INFO nopCommerce - **************Clicked on Login Button***************
2019-09-15 19:53:52,118 [main] INFO nopCommerce - **************Verfying is ***************
2019-09-15 19:53:52,165 [main] INFO nopCommerce - **************After Login Dashoard page is opened ***************
2019-09-15 19:53:55,458 [main] INFO nopCommerce - **************Clicked on Customers Menu***************
2019-09-15 19:54:05,035 [main] INFO nopCommerce - **************Clicked on Customer Menu Item***************
2019-09-15 19:54:05,039 [main] INFO nopCommerce - **************Searching the Customer By providing Name***************
2019-09-15 19:54:06,441 [main] INFO nopCommerce - **************Clicked on search button***************
2019-09-15 19:54:09,450 [main] INFO nopCommerce - **************Checking the Name which we provied is present in the Table are not ***************
2019-09-15 19:54:09,671 [main] INFO nopCommerce - **************After completction of all functionalies closing the Browser***************
2019-09-15 20:32:01,990 [main] INFO nopCommerce - **************Launching Browser***************
2019-09-15 20:32:02,308 [main] INFO nopCommerce - **************deleting all cookies***************
2019-09-15 20:32:03,677 [main] INFO nopCommerce - **************Maximizing the browser window***************
2019-09-15 20:32:04,089 [main] INFO nopCommerce - **************Open the URL***************
2019-09-15 20:32:08,389 [main] INFO nopCommerce - **************Entered the UserName to text field***************
2019-09-15 20:32:08,627 [main] INFO nopCommerce - **************Entered the Password to text field***************
2019-09-15 20:32:23,484 [main] INFO nopCommerce - **************Clicked on Login Button***************
2019-09-15 20:32:26,504 [main] INFO nopCommerce - **************Verfying is ***************
2019-09-15 20:32:26,583 [main] INFO nopCommerce - **************After Login Dashoard page is opened ***************
2019-09-15 20:32:29,811 [main] INFO nopCommerce - **************Clicked on Customers Menu***************
2019-09-15 20:32:40,494 [main] INFO nopCommerce - **************Clicked on Customer Menu Item***************
2019-09-15 20:32:50,558 [main] INFO nopCommerce - **************Clicked on Add New Customer link Button***************
2019-09-15 20:32:50,607 [main] INFO nopCommerce - **************Adding New Customer***************
2019-09-15 20:32:50,609 [main] INFO nopCommerce - **************Providing Customer Details***************
2019-09-15 20:33:13,236 [main] INFO nopCommerce - **************Clicked on Save Button***************
2019-09-15 20:33:14,452 [main] INFO nopCommerce - **************Customer is saved***************
2019-09-15 20:33:14,457 [main] INFO nopCommerce - **************After completction of all functionalies closing the Browser***************
2019-09-15 20:33:20,698 [main] INFO nopCommerce - **************Launching Browser***************
2019-09-15 20:33:20,719 [main] INFO nopCommerce - **************deleting all cookies***************
2019-09-15 20:33:22,194 [main] INFO nopCommerce - **************Maximizing the browser window***************
2019-09-15 20:33:22,202 [main] INFO nopCommerce - **************Open the URL***************
2019-09-15 20:33:26,779 [main] INFO nopCommerce - **************Entered the UserName to text field***************
2019-09-15 20:33:27,055 [main] INFO nopCommerce - **************Entered the Password to text field***************
2019-09-15 20:33:44,692 [main] INFO nopCommerce - **************Clicked on Login Button***************
2019-09-15 20:33:47,696 [main] INFO nopCommerce - **************Verfying Login is Sucessfull are not***************
2019-09-15 20:33:51,728 [main] INFO nopCommerce - **************Clicked on Logout Button***************
2019-09-15 20:33:54,732 [main] INFO nopCommerce - **************Verfying Login is Sucessfull are not***************
2019-09-15 20:33:54,827 [main] INFO nopCommerce - **************After completction of all functionalies closing the Browser***************
2019-09-15 20:46:47,906 [main] INFO nopCommerce - **************Launching Browser***************
2019-09-15 20:46:47,976 [main] INFO nopCommerce - **************deleting all cookies***************
2019-09-15 20:46:49,182 [main] INFO nopCommerce - **************Maximizing the browser window***************
2019-09-15 20:46:49,623 [main] INFO nopCommerce - **************Open the URL***************
2019-09-15 20:46:55,134 [main] INFO nopCommerce - **************Entered the UserName to text field***************
2019-09-15 20:46:55,601 [main] INFO nopCommerce - **************Entered the Password to text field***************
2019-09-15 20:47:15,141 [main] INFO nopCommerce - **************Clicked on Login Button***************
2019-09-15 20:47:18,147 [main] INFO nopCommerce - **************Verfying is ***************
2019-09-15 20:47:18,190 [main] INFO nopCommerce - **************After Login Dashoard page is opened ***************
2019-09-15 20:47:21,640 [main] INFO nopCommerce - **************Clicked on Customers Menu***************
2019-09-15 20:47:43,943 [main] INFO nopCommerce - **************Clicked on Customer Menu Item***************
2019-09-15 20:47:52,458 [main] INFO nopCommerce - **************Clicked on Add New Customer link Button***************
2019-09-15 20:47:52,505 [main] INFO nopCommerce - **************Adding New Customer***************
2019-09-15 20:47:52,506 [main] INFO nopCommerce - **************Providing Customer Details***************
2019-09-15 20:48:22,303 [main] INFO nopCommerce - **************Clicked on Save Button***************
2019-09-15 20:48:25,359 [main] INFO nopCommerce - **************Customer is saved***************
2019-09-15 20:48:25,365 [main] INFO nopCommerce - **************After completction of all functionalies closing the Browser***************
2019-09-15 20:48:53,709 [main] INFO nopCommerce - **************Launching Browser***************
2019-09-15 20:48:53,741 [main] INFO nopCommerce - **************deleting all cookies***************
2019-09-15 20:48:55,170 [main] INFO nopCommerce - **************Maximizing the browser window***************
2019-09-15 20:48:55,178 [main] INFO nopCommerce - **************Open the URL***************
2019-09-15 20:48:58,675 [main] INFO nopCommerce - **************Entered the UserName to text field***************
2019-09-15 20:48:59,282 [main] INFO nopCommerce - **************Entered the Password to text field***************
2019-09-15 20:49:13,297 [main] INFO nopCommerce - **************Clicked on Login Button***************
2019-09-15 20:49:16,301 [main] INFO nopCommerce - **************Verfying Login is Sucessfull are not***************
2019-09-15 20:49:20,761 [main] INFO nopCommerce - **************Clicked on Logout Button***************
2019-09-15 20:49:23,765 [main] INFO nopCommerce - **************Verfying Login is Sucessfull are not***************
2019-09-15 20:49:23,850 [main] INFO nopCommerce - **************After completction of all functionalies closing the Browser***************
2019-09-15 20:50:14,043 [main] INFO nopCommerce - **************Launching Browser***************
2019-09-15 20:50:14,109 [main] INFO nopCommerce - **************deleting all cookies***************
2019-09-15 20:50:15,317 [main] INFO nopCommerce - **************Maximizing the browser window***************
2019-09-15 20:50:15,469 [main] INFO nopCommerce - **************Open the URL***************
2019-09-15 20:50:18,844 [main] INFO nopCommerce - **************Entered the UserName to text field***************
2019-09-15 20:50:19,244 [main] INFO nopCommerce - **************Entered the Password to text field***************
2019-09-15 20:50:30,270 [main] INFO nopCommerce - **************Clicked on Login Button***************
2019-09-15 20:50:33,277 [main] INFO nopCommerce - **************Verfying is ***************
2019-09-15 20:50:33,314 [main] INFO nopCommerce - **************After Login Dashoard page is opened ***************
2019-09-15 20:50:36,746 [main] INFO nopCommerce - **************Clicked on Customers Menu***************
2019-09-15 20:50:55,771 [main] INFO nopCommerce - **************Clicked on Customer Menu Item***************
2019-09-15 20:51:04,785 [main] INFO nopCommerce - **************Clicked on Add New Customer link Button***************
2019-09-15 20:51:04,822 [main] INFO nopCommerce - **************Adding New Customer***************
2019-09-15 20:51:04,823 [main] INFO nopCommerce - **************Providing Customer Details***************
2019-09-15 20:51:33,204 [main] INFO nopCommerce - **************Clicked on Save Button***************
2019-09-15 20:51:36,231 [main] INFO nopCommerce - **************Customer is saved***************
2019-09-15 20:51:36,238 [main] INFO nopCommerce - **************After completction of all functionalies closing the Browser***************
2019-09-15 20:52:04,048 [main] INFO nopCommerce - **************Launching Browser***************
2019-09-15 20:52:04,093 [main] INFO nopCommerce - **************deleting all cookies***************
2019-09-15 20:52:05,408 [main] INFO nopCommerce - **************Maximizing the browser window***************
2019-09-15 20:52:05,417 [main] INFO nopCommerce - **************Open the URL***************
2019-09-15 20:52:09,511 [main] INFO nopCommerce - **************Entered the UserName to text field***************
2019-09-15 20:52:09,997 [main] INFO nopCommerce - **************Entered the Password to text field***************
2019-09-15 20:52:22,711 [main] INFO nopCommerce - **************Clicked on Login Button***************
2019-09-15 20:52:25,714 [main] INFO nopCommerce - **************Verfying is ***************
2019-09-15 20:52:25,753 [main] INFO nopCommerce - **************After Login Dashoard page is opened ***************
2019-09-15 20:52:29,125 [main] INFO nopCommerce - **************Clicked on Customers Menu***************
2019-09-15 20:52:48,998 [main] INFO nopCommerce - **************Clicked on Customer Menu Item***************
2019-09-15 20:52:49,002 [main] INFO nopCommerce - **************Searching the customer By Email id***************
2019-09-15 20:52:51,343 [main] INFO nopCommerce - **************Clicked on search button***************
2019-09-15 20:52:54,347 [main] INFO nopCommerce - **************Checking the Email id which we provied is present in the Table are not ***************
2019-09-15 20:52:54,655 [main] INFO nopCommerce - **************After completction of all functionalies closing the Browser***************
2019-09-15 20:53:33,998 [main] INFO nopCommerce - **************Launching Browser***************
2019-09-15 20:53:34,055 [main] INFO nopCommerce - **************deleting all cookies***************
2019-09-15 20:53:35,395 [main] INFO nopCommerce - **************Maximizing the browser window***************
2019-09-15 20:53:35,404 [main] INFO nopCommerce - **************Open the URL***************
2019-09-15 20:53:38,364 [main] INFO nopCommerce - **************Entered the UserName to text field***************
2019-09-15 20:53:38,800 [main] INFO nopCommerce - **************Entered the Password to text field***************
2019-09-15 20:53:49,873 [main] INFO nopCommerce - **************Clicked on Login Button***************
2019-09-15 20:53:52,876 [main] INFO nopCommerce - **************Verfying is ***************
2019-09-15 20:53:52,916 [main] INFO nopCommerce - **************After Login Dashoard page is opened ***************
2019-09-15 20:53:56,309 [main] INFO nopCommerce - **************Clicked on Customers Menu***************
2019-09-15 20:54:14,958 [main] INFO nopCommerce - **************Clicked on Customer Menu Item***************
2019-09-15 20:54:14,962 [main] INFO nopCommerce - **************Searching the Customer By providing Name***************
2019-09-15 20:54:17,048 [main] INFO nopCommerce - **************Clicked on search button***************
2019-09-15 20:54:20,052 [main] INFO nopCommerce - **************Checking the Name which we provied is present in the Table are not ***************
2019-09-15 20:54:20,325 [main] INFO nopCommerce - **************After completction of all functionalies closing the Browser***************
2019-09-15 20:55:11,421 [main] INFO nopCommerce - **************Launching Browser***************
2019-09-15 20:55:11,447 [main] INFO nopCommerce - **************deleting all cookies***************
2019-09-15 20:55:12,670 [main] INFO nopCommerce - **************Maximizing the browser window***************
2019-09-15 20:55:12,677 [main] INFO nopCommerce - **************Open the URL***************
2019-09-15 20:55:16,968 [main] INFO nopCommerce - **************Entered the UserName to text field***************
2019-09-15 20:55:17,387 [main] INFO nopCommerce - **************Entered the Password to text field***************
2019-09-15 20:56:08,997 [main] INFO nopCommerce - **************Clicked on Login Button***************
2019-09-15 20:56:12,001 [main] INFO nopCommerce - **************Verfying Login is Sucessfull are not***************
2019-09-15 20:56:17,006 [main] INFO nopCommerce - **************Clicked on Logout Button***************
2019-09-15 20:56:20,010 [main] INFO nopCommerce - **************Verfying Login is Sucessfull are not***************
2019-09-15 20:56:20,075 [main] INFO nopCommerce - **************After completction of all functionalies closing the Browser***************
2019-09-15 20:56:57,521 [main] INFO nopCommerce - **************Launching Browser***************
2019-09-15 20:56:57,547 [main] INFO nopCommerce - **************deleting all cookies***************
2019-09-15 20:56:58,916 [main] INFO nopCommerce - **************Maximizing the browser window***************
2019-09-15 20:56:58,925 [main] INFO nopCommerce - **************Open the URL***************
2019-09-15 20:57:04,196 [main] INFO nopCommerce - **************Entered the UserName to text field***************
2019-09-15 20:57:04,670 [main] INFO nopCommerce - **************Entered the Password to text field***************
2019-09-15 20:57:26,243 [main] INFO nopCommerce - **************Clicked on Login Button***************
2019-09-15 20:57:29,246 [main] INFO nopCommerce - **************Verfying Login is Sucessfull are not***************
2019-09-15 20:57:32,841 [main] INFO nopCommerce - **************Clicked on Logout Button***************
2019-09-15 20:57:35,844 [main] INFO nopCommerce - **************Verfying Login is Sucessfull are not***************
2019-09-15 20:57:35,907 [main] INFO nopCommerce - **************After completction of all functionalies closing the Browser***************
2019-09-15 20:57:50,495 [main] INFO nopCommerce - **************Launching Browser***************
2019-09-15 20:57:50,538 [main] INFO nopCommerce - **************deleting all cookies***************
2019-09-15 20:57:51,906 [main] INFO nopCommerce - **************Maximizing the browser window***************
2019-09-15 20:57:51,913 [main] INFO nopCommerce - **************Open the URL***************
2019-09-15 20:57:57,761 [main] INFO nopCommerce - **************Entered the UserName to text field***************
2019-09-15 20:57:58,227 [main] INFO nopCommerce - **************Entered the Password to text field***************
2019-09-15 20:58:14,667 [main] INFO nopCommerce - **************Clicked on Login Button***************
2019-09-15 20:58:17,671 [main] INFO nopCommerce - **************Verfying Login is Sucessfull are not***************
2019-09-15 20:58:21,205 [main] INFO nopCommerce - **************Clicked on Logout Button***************
2019-09-15 20:58:24,208 [main] INFO nopCommerce - **************Verfying Login is Sucessfull are not***************
2019-09-15 20:58:24,264 [main] INFO nopCommerce - **************After completction of all functionalies closing the Browser***************
